<?xml version="1.0" encoding="UTF-8"?>
<!-- Generated by org.testng.reporters.JUnitReportReporter -->
<testsuite hostname="DELL" failures="0" tests="3" name="tests.MyAccountTest" time="10.351" errors="0" timestamp="2024-01-30T19:25:40 EET" skipped="0">
  <testcase classname="tests.MyAccountTest" name="RegisterUserCanLogin" time="2.682"/>
  <testcase classname="tests.MyAccountTest" name="UserCanRegisterSuccessfully" time="4.186"/>
  <testcase classname="tests.MyAccountTest" name="registerUserCanChangeAccountPassword" time="3.483"/>
</testsuite> <!-- tests.MyAccountTest -->
