<?xml version="1.0" encoding="UTF-8"?>
<!-- Generated by org.testng.reporters.JUnitReportReporter -->
<testsuite hostname="DELL" failures="0" tests="2" name="tests.AddProductToCompareTest" time="16.788" errors="0" timestamp="2024-02-15T17:20:23 EET" skipped="0">
  <testcase classname="tests.AddProductToCompareTest" name="userCanCompareProducts" time="15.717"/>
  <testcase classname="tests.AddProductToCompareTest" name="userCanClearCompareList" time="1.071"/>
</testsuite> <!-- tests.AddProductToCompareTest -->
