<?xml version="1.0" encoding="UTF-8"?>
<!-- Generated by org.testng.reporters.JUnitReportReporter -->
<testsuite hostname="DELL" failures="0" tests="2" name="tests.CurrencyChangeTest" time="5.552" errors="0" timestamp="2024-02-05T20:16:11 EET" skipped="0">
  <testcase classname="tests.CurrencyChangeTest" name="userCanChangeCurrency" time="1.654"/>
  <testcase classname="tests.CurrencyChangeTest" name="userCanSearchForProduct" time="3.898"/>
</testsuite> <!-- tests.CurrencyChangeTest -->
