<?xml version="1.0" encoding="UTF-8"?>
<!-- Generated by org.testng.reporters.JUnitReportReporter -->
<testsuite hostname="DELL" failures="0" tests="4" name="tests.AddProductToShoppingCart" time="13.995" errors="0" timestamp="2024-02-23T10:03:13 EET" skipped="0">
  <testcase classname="tests.AddProductToShoppingCart" name="userCanUpdateCartProductQty" time="1.975"/>
  <testcase classname="tests.AddProductToShoppingCart" name="userCanAddProductToCart" time="5.447"/>
  <testcase classname="tests.AddProductToShoppingCart" name="userCanClearShoppingCart" time="1.198"/>
  <testcase classname="tests.AddProductToShoppingCart" name="userCanSearchForProduct" time="5.375"/>
</testsuite> <!-- tests.AddProductToShoppingCart -->
