<?xml version="1.0" encoding="UTF-8"?>
<!-- Generated by org.testng.reporters.JUnitReportReporter -->
<testsuite hostname="DELL" failures="0" tests="5" name="tests.AddProductReviewTest" time="15.232" errors="0" timestamp="2024-02-10T13:10:18 EET" skipped="0">
  <testcase classname="tests.AddProductReviewTest" name="RegisterUserCanLogout" time="1.115"/>
  <testcase classname="tests.AddProductReviewTest" name="loginUserCanAddProductReview" time="2.615"/>
  <testcase classname="tests.AddProductReviewTest" name="RegisterUserCanLogin" time="3.623"/>
  <testcase classname="tests.AddProductReviewTest" name="userCanSearchForProduct" time="2.558"/>
  <testcase classname="tests.AddProductReviewTest" name="UserCanRegisterSuccessfully" time="5.321"/>
</testsuite> <!-- tests.AddProductReviewTest -->
