<?xml version="1.0" encoding="UTF-8"?>
<!-- Generated by org.testng.reporters.JUnitReportReporter -->
<testsuite hostname="DELL" failures="0" tests="4" name="tests.EmailFriendTest" time="12.927" errors="0" timestamp="2024-02-05T19:17:52 EET" skipped="0">
  <testcase classname="tests.EmailFriendTest" name="userCanSearchForProduct" time="3.418"/>
  <testcase classname="tests.EmailFriendTest" name="loginUserCanEmailProductToFriend" time="2.537"/>
  <testcase classname="tests.EmailFriendTest" name="RegisterUserCanLogin" time="2.747"/>
  <testcase classname="tests.EmailFriendTest" name="UserCanRegisterSuccessfully" time="4.225"/>
</testsuite> <!-- tests.EmailFriendTest -->
