<?xml version="1.0" encoding="UTF-8"?>
<!-- Generated by org.testng.reporters.JUnitReportReporter -->
<testsuite hostname="DELL" failures="0" tests="1" name="tests.ProductMenuHoverTest" time="2.846" errors="0" timestamp="2024-02-10T14:14:31 EET" skipped="0">
  <testcase classname="tests.ProductMenuHoverTest" name="UserCanOpenNotebooksPage" time="2.846"/>
</testsuite> <!-- tests.ProductMenuHoverTest -->
