<?xml version="1.0" encoding="UTF-8"?>
<!-- Generated by org.testng.reporters.JUnitReportReporter -->
<testsuite hostname="DELL" failures="0" tests="1" name="tests.ProductAutoSuggestionSearchTest" time="6.588" errors="0" timestamp="2024-02-05T12:02:29 EET" skipped="0">
  <testcase classname="tests.ProductAutoSuggestionSearchTest" name="userCanSearchWithAutoSuggestionForProduct" time="6.588"/>
</testsuite> <!-- tests.ProductAutoSuggestionSearchTest -->
