<?xml version="1.0" encoding="UTF-8"?>
<!-- Generated by org.testng.reporters.JUnitReportReporter -->
<testsuite hostname="DELL" failures="0" tests="2" name="tests.userRegisterationTest" time="17.516" errors="0" timestamp="2024-02-02T18:37:14 EET" skipped="0">
  <testcase classname="tests.userRegisterationTest" name="UserCanRegisterSuccessfully" time="9.282"/>
  <testcase classname="tests.userRegisterationTest" name="RegisterUserCanLogin" time="8.234"/>
</testsuite> <!-- tests.userRegisterationTest -->
