<?xml version="1.0" encoding="UTF-8"?>
<!-- Generated by org.testng.reporters.JUnitReportReporter -->
<testsuite hostname="DELL" failures="0" tests="2" name="tests.userRegisterationTest" time="6.847" errors="0" timestamp="2024-01-30T16:31:12 EET" skipped="0">
  <testcase classname="tests.userRegisterationTest" name="UserCanRegisterSuccessfully" time="4.229"/>
  <testcase classname="tests.userRegisterationTest" name="RegisterUserCanLogin" time="2.618"/>
</testsuite> <!-- tests.userRegisterationTest -->
