<?xml version="1.0" encoding="UTF-8"?>
<!-- Generated by org.testng.reporters.JUnitReportReporter -->
<testsuite hostname="DELL" failures="0" tests="2" name="tests.AddProductToWishlistTest" time="13.794" errors="0" timestamp="2024-02-10T15:54:55 EET" skipped="0">
  <testcase classname="tests.AddProductToWishlistTest" name="userCanAddProductToWhishList" time="4.841"/>
  <testcase classname="tests.AddProductToWishlistTest" name="userCanSearchForProduct" time="8.953"/>
</testsuite> <!-- tests.AddProductToWishlistTest -->
