<?xml version="1.0" encoding="UTF-8"?>
<!-- Generated by org.testng.reporters.JUnitReportReporter -->
<testsuite hostname="DELL" failures="0" tests="1" name="tests.userRegisterationTest" time="5.827" errors="0" timestamp="2024-01-27T15:40:27 EET" skipped="0">
  <testcase classname="tests.userRegisterationTest" name="UserCanRegisterSuccessfully" time="5.827"/>
</testsuite> <!-- tests.userRegisterationTest -->
