<?xml version="1.0" encoding="UTF-8"?>
<!-- Generated by org.testng.reporters.JUnitReportReporter -->
<testsuite hostname="DELL" failures="0" tests="2" name="tests.userRegisterationTest" time="7.862" errors="0" timestamp="2024-01-30T16:22:35 EET" skipped="0">
  <testcase classname="tests.userRegisterationTest" name="UserCanRegisterSuccessfully" time="5.179"/>
  <testcase classname="tests.userRegisterationTest" name="RegisterUserCanLogin" time="2.683"/>
</testsuite> <!-- tests.userRegisterationTest -->
