<?xml version="1.0" encoding="UTF-8"?>
<!-- Generated by org.testng.reporters.JUnitReportReporter -->
<testsuite hostname="DELL" failures="0" tests="1" name="tests.ContactUsTest" time="3.914" errors="0" timestamp="2024-02-05T15:20:56 EET" skipped="0">
  <testcase classname="tests.ContactUsTest" name="UserCanContactUs" time="3.914"/>
</testsuite> <!-- tests.ContactUsTest -->
