<?xml version="1.0" encoding="UTF-8"?>
<!-- Generated by org.testng.reporters.JUnitReportReporter -->
<testsuite hostname="DELL" failures="0" tests="6" name="tests.RegisterUserCheckOutProductTest" time="64.314" errors="0" timestamp="2024-03-22T13:13:19 EET" skipped="0">
  <testcase classname="tests.RegisterUserCheckOutProductTest" name="registerUserCanSearchForProduct" time="3.739"/>
  <testcase classname="tests.RegisterUserCheckOutProductTest" name="registerUserCanCheckoutProduct" time="30.840"/>
  <testcase classname="tests.RegisterUserCheckOutProductTest" name="UserCanRegisterSuccessfully" time="5.434"/>
  <testcase classname="tests.RegisterUserCheckOutProductTest" name="RegisterUserCanLogin" time="3.124"/>
  <testcase classname="tests.RegisterUserCheckOutProductTest" name="registerUserCanAddProductToCart" time="9.916"/>
  <testcase classname="tests.RegisterUserCheckOutProductTest" name="RegisterUserCanDownloadInvoice" time="11.261"/>
</testsuite> <!-- tests.RegisterUserCheckOutProductTest -->
